2023-05-12 13:30:55,279:INFO: /home/neel/Desktop/LoadTraces/spec06/473.astar-s0_part_01.txt.xz
2023-05-12 13:30:55,290:INFO: ===========================================================================
Layer (type:depth-idx)                             Param #
===========================================================================
TMAP                                               3,072
├─Sequential: 1-1                                  --
│    └─Rearrange: 2-1                              --
│    └─Linear: 2-2                                 2,816
├─Dropout: 1-2                                     --
├─Transformer: 1-3                                 --
│    └─ModuleList: 2-3                             --
│    │    └─ModuleList: 3-1                        2,754,304
│    │    └─ModuleList: 3-2                        2,754,304
│    │    └─ModuleList: 3-3                        2,754,304
│    │    └─ModuleList: 3-4                        2,754,304
│    │    └─ModuleList: 3-5                        2,754,304
│    │    └─ModuleList: 3-6                        2,754,304
│    │    └─ModuleList: 3-7                        2,754,304
│    │    └─ModuleList: 3-8                        2,754,304
├─Identity: 1-4                                    --
├─Sequential: 1-5                                  --
│    └─LayerNorm: 2-4                              512
│    └─Linear: 2-5                                 65,792
├─Sigmoid: 1-6                                     --
===========================================================================
Total params: 22,106,624
Trainable params: 22,106,624
Non-trainable params: 0
===========================================================================
2023-05-12 13:35:07,084:INFO: /home/neel/Desktop/LoadTraces/spec06/473.astar-s0_part_01.txt.xz
2023-05-12 13:35:07,094:INFO: ===========================================================================
Layer (type:depth-idx)                             Param #
===========================================================================
TMAP                                               3,072
├─Sequential: 1-1                                  --
│    └─Rearrange: 2-1                              --
│    └─Linear: 2-2                                 2,816
├─Dropout: 1-2                                     --
├─Transformer: 1-3                                 --
│    └─ModuleList: 2-3                             --
│    │    └─ModuleList: 3-1                        2,754,304
│    │    └─ModuleList: 3-2                        2,754,304
│    │    └─ModuleList: 3-3                        2,754,304
│    │    └─ModuleList: 3-4                        2,754,304
│    │    └─ModuleList: 3-5                        2,754,304
│    │    └─ModuleList: 3-6                        2,754,304
│    │    └─ModuleList: 3-7                        2,754,304
│    │    └─ModuleList: 3-8                        2,754,304
├─Identity: 1-4                                    --
├─Sequential: 1-5                                  --
│    └─LayerNorm: 2-4                              512
│    └─Linear: 2-5                                 65,792
├─Sigmoid: 1-6                                     --
===========================================================================
Total params: 22,106,624
Trainable params: 22,106,624
Non-trainable params: 0
===========================================================================
2023-05-12 13:47:13,711:INFO: /home/neel/Desktop/LoadTraces/spec06/473.astar-s0_part_01.txt.xz
2023-05-12 13:47:13,721:INFO: ===========================================================================
Layer (type:depth-idx)                             Param #
===========================================================================
TMAP                                               3,072
├─Sequential: 1-1                                  --
│    └─Rearrange: 2-1                              --
│    └─Linear: 2-2                                 2,816
├─Dropout: 1-2                                     --
├─Transformer: 1-3                                 --
│    └─ModuleList: 2-3                             --
│    │    └─ModuleList: 3-1                        2,754,304
│    │    └─ModuleList: 3-2                        2,754,304
│    │    └─ModuleList: 3-3                        2,754,304
│    │    └─ModuleList: 3-4                        2,754,304
│    │    └─ModuleList: 3-5                        2,754,304
│    │    └─ModuleList: 3-6                        2,754,304
│    │    └─ModuleList: 3-7                        2,754,304
│    │    └─ModuleList: 3-8                        2,754,304
├─Identity: 1-4                                    --
├─Sequential: 1-5                                  --
│    └─LayerNorm: 2-4                              512
│    └─Linear: 2-5                                 65,792
├─Sigmoid: 1-6                                     --
===========================================================================
Total params: 22,106,624
Trainable params: 22,106,624
Non-trainable params: 0
===========================================================================
2023-05-12 13:54:19,282:INFO: /home/neel/Desktop/LoadTraces/spec06/473.astar-s0_part_01.txt.xz
2023-05-12 13:54:19,293:INFO: ===========================================================================
Layer (type:depth-idx)                             Param #
===========================================================================
TMAP                                               3,072
├─Sequential: 1-1                                  --
│    └─Rearrange: 2-1                              --
│    └─Linear: 2-2                                 2,816
├─Dropout: 1-2                                     --
├─Transformer: 1-3                                 --
│    └─ModuleList: 2-3                             --
│    │    └─ModuleList: 3-1                        2,754,304
│    │    └─ModuleList: 3-2                        2,754,304
│    │    └─ModuleList: 3-3                        2,754,304
│    │    └─ModuleList: 3-4                        2,754,304
│    │    └─ModuleList: 3-5                        2,754,304
│    │    └─ModuleList: 3-6                        2,754,304
│    │    └─ModuleList: 3-7                        2,754,304
│    │    └─ModuleList: 3-8                        2,754,304
├─Identity: 1-4                                    --
├─Sequential: 1-5                                  --
│    └─LayerNorm: 2-4                              512
│    └─Linear: 2-5                                 65,792
├─Sigmoid: 1-6                                     --
===========================================================================
Total params: 22,106,624
Trainable params: 22,106,624
Non-trainable params: 0
===========================================================================
