2023-05-07 15:28:16,449:INFO: /home/neel/Desktop/LoadTraces/spec06/473.astar-s0.txt.xz
2023-05-07 15:28:16,457:INFO: =================================================================
Layer (type:depth-idx)                   Param #
=================================================================
ResNet                                   --
├─Sequential: 1-1                        --
│    └─Conv2d: 2-1                       576
│    └─BatchNorm2d: 2-2                  128
│    └─ReLU: 2-3                         --
├─Sequential: 1-2                        --
│    └─BottleNeck: 2-4                   --
│    │    └─Sequential: 3-1              58,112
│    │    └─Sequential: 3-2              16,896
│    └─BottleNeck: 2-5                   --
│    │    └─Sequential: 3-3              70,400
│    │    └─Sequential: 3-4              --
│    └─BottleNeck: 2-6                   --
│    │    └─Sequential: 3-5              70,400
│    │    └─Sequential: 3-6              --
├─Sequential: 1-3                        --
│    └─BottleNeck: 2-7                   --
│    │    └─Sequential: 3-7              247,296
│    │    └─Sequential: 3-8              132,096
│    └─BottleNeck: 2-8                   --
│    │    └─Sequential: 3-9              280,064
│    │    └─Sequential: 3-10             --
│    └─BottleNeck: 2-9                   --
│    │    └─Sequential: 3-11             280,064
│    │    └─Sequential: 3-12             --
│    └─BottleNeck: 2-10                  --
│    │    └─Sequential: 3-13             280,064
│    │    └─Sequential: 3-14             --
├─Sequential: 1-4                        --
│    └─BottleNeck: 2-11                  --
│    │    └─Sequential: 3-15             986,112
│    │    └─Sequential: 3-16             526,336
│    └─BottleNeck: 2-12                  --
│    │    └─Sequential: 3-17             1,117,184
│    │    └─Sequential: 3-18             --
│    └─BottleNeck: 2-13                  --
│    │    └─Sequential: 3-19             1,117,184
│    │    └─Sequential: 3-20             --
│    └─BottleNeck: 2-14                  --
│    │    └─Sequential: 3-21             1,117,184
│    │    └─Sequential: 3-22             --
│    └─BottleNeck: 2-15                  --
│    │    └─Sequential: 3-23             1,117,184
│    │    └─Sequential: 3-24             --
│    └─BottleNeck: 2-16                  --
│    │    └─Sequential: 3-25             1,117,184
│    │    └─Sequential: 3-26             --
├─Sequential: 1-5                        --
│    └─BottleNeck: 2-17                  --
│    │    └─Sequential: 3-27             3,938,304
│    │    └─Sequential: 3-28             2,101,248
│    └─BottleNeck: 2-18                  --
│    │    └─Sequential: 3-29             4,462,592
│    │    └─Sequential: 3-30             --
│    └─BottleNeck: 2-19                  --
│    │    └─Sequential: 3-31             4,462,592
│    │    └─Sequential: 3-32             --
├─AdaptiveAvgPool2d: 1-6                 --
├─Linear: 1-7                            524,544
├─Sigmoid: 1-8                           --
=================================================================
Total params: 24,023,744
Trainable params: 24,023,744
Non-trainable params: 0
=================================================================
2023-05-07 15:29:31,958:INFO: -------------Data Proccessed------------
2023-05-07 15:29:45,402:INFO: Epoch: 1 - loss: 0.1424397059 - test_loss: 0.1702484407
2023-05-07 15:29:45,501:INFO: -------- Save Best Model! --------
2023-05-07 15:29:58,168:INFO: Epoch: 2 - loss: 0.0988187231 - test_loss: 0.1567578925
2023-05-07 15:29:58,351:INFO: -------- Save Best Model! --------
2023-05-07 15:30:10,782:INFO: Epoch: 3 - loss: 0.0880505558 - test_loss: 0.1666009924
2023-05-07 15:30:10,782:INFO: Early Stop Left: 9
2023-05-07 15:30:24,056:INFO: Epoch: 4 - loss: 0.0806021701 - test_loss: 0.1750611714
2023-05-07 15:30:24,056:INFO: Early Stop Left: 8
2023-05-07 15:30:37,130:INFO: Epoch: 5 - loss: 0.0743826727 - test_loss: 0.1814202110
2023-05-07 15:30:37,130:INFO: Early Stop Left: 7
2023-05-07 15:30:49,725:INFO: Epoch: 6 - loss: 0.0688232858 - test_loss: 0.1785884654
2023-05-07 15:30:49,725:INFO: Early Stop Left: 6
2023-05-07 15:31:03,037:INFO: Epoch: 7 - loss: 0.0633854513 - test_loss: 0.1986689282
2023-05-07 15:31:03,037:INFO: Early Stop Left: 5
2023-05-07 15:31:15,667:INFO: Epoch: 8 - loss: 0.0591190059 - test_loss: 0.2103636899
2023-05-07 15:31:15,668:INFO: Early Stop Left: 4
2023-05-07 15:31:28,203:INFO: Epoch: 9 - loss: 0.0556712448 - test_loss: 0.2156457392
2023-05-07 15:31:28,204:INFO: Early Stop Left: 3
2023-05-07 15:31:40,752:INFO: Epoch: 10 - loss: 0.0525020430 - test_loss: 0.2182464723
2023-05-07 15:31:40,752:INFO: Early Stop Left: 2
2023-05-07 15:31:53,307:INFO: Epoch: 11 - loss: 0.0499622815 - test_loss: 0.2276906128
2023-05-07 15:31:53,307:INFO: Early Stop Left: 1
2023-05-07 15:32:05,870:INFO: Epoch: 12 - loss: 0.0496529809 - test_loss: 0.2291478111
2023-05-07 15:32:05,870:INFO: Early Stop Left: 0
2023-05-07 15:32:05,870:INFO: -------- Early Stop! --------
