2023-05-07 15:32:12,519:INFO: /home/neel/Desktop/LoadTraces/spec06/473.astar-s0.txt.xz
2023-05-07 15:32:12,521:INFO: =================================================================
Layer (type:depth-idx)                   Param #
=================================================================
ResNet_tiny                              --
├─Sequential: 1-1                        --
│    └─Conv2d: 2-1                       36
│    └─BatchNorm2d: 2-2                  8
│    └─ReLU: 2-3                         --
├─Sequential: 1-2                        --
│    └─BasicBlock: 2-4                   --
│    │    └─Sequential: 3-1              304
│    │    └─Sequential: 3-2              --
├─Sequential: 1-3                        --
│    └─BasicBlock: 2-5                   --
│    │    └─Sequential: 3-3              896
│    │    └─Sequential: 3-4              48
├─Sequential: 1-4                        --
│    └─BasicBlock: 2-6                   --
│    │    └─Sequential: 3-5              3,520
│    │    └─Sequential: 3-6              160
├─AdaptiveAvgPool2d: 1-5                 --
├─Linear: 1-6                            4,352
├─Sigmoid: 1-7                           --
=================================================================
Total params: 9,324
Trainable params: 9,324
Non-trainable params: 0
=================================================================
2023-05-07 15:33:26,548:INFO: -------------Data Proccessed------------
2023-05-07 15:33:26,632:INFO: -------------Teacher Model Loaded------------
2023-05-07 15:33:31,464:INFO: Epoch: 1 - loss: 0.2853091115 - test_loss: 0.5964483328
2023-05-07 15:33:31,467:INFO: -------- Save Best Model! --------
2023-05-07 15:33:35,340:INFO: Epoch: 2 - loss: 0.2159263799 - test_loss: 0.4520539125
2023-05-07 15:33:35,343:INFO: -------- Save Best Model! --------
2023-05-07 15:33:39,353:INFO: Epoch: 3 - loss: 0.1501540848 - test_loss: 0.3447708371
2023-05-07 15:33:39,356:INFO: -------- Save Best Model! --------
2023-05-07 15:33:43,237:INFO: Epoch: 4 - loss: 0.1065860453 - test_loss: 0.2790476422
2023-05-07 15:33:43,240:INFO: -------- Save Best Model! --------
2023-05-07 15:33:47,140:INFO: Epoch: 5 - loss: 0.0796227486 - test_loss: 0.2391538664
2023-05-07 15:33:47,143:INFO: -------- Save Best Model! --------
2023-05-07 15:33:51,078:INFO: Epoch: 6 - loss: 0.0629284597 - test_loss: 0.2153007624
2023-05-07 15:33:51,081:INFO: -------- Save Best Model! --------
2023-05-07 15:33:54,955:INFO: Epoch: 7 - loss: 0.0523376736 - test_loss: 0.2004208543
2023-05-07 15:33:54,958:INFO: -------- Save Best Model! --------
2023-05-07 15:33:58,804:INFO: Epoch: 8 - loss: 0.0454211075 - test_loss: 0.1910510281
2023-05-07 15:33:58,807:INFO: -------- Save Best Model! --------
2023-05-07 15:34:02,744:INFO: Epoch: 9 - loss: 0.0407520549 - test_loss: 0.1852568243
2023-05-07 15:34:02,748:INFO: -------- Save Best Model! --------
2023-05-07 15:34:06,678:INFO: Epoch: 10 - loss: 0.0373387363 - test_loss: 0.1810741181
2023-05-07 15:34:06,681:INFO: -------- Save Best Model! --------
2023-05-07 15:34:10,580:INFO: Epoch: 11 - loss: 0.0343472401 - test_loss: 0.1790309298
2023-05-07 15:34:10,583:INFO: -------- Save Best Model! --------
2023-05-07 15:34:14,448:INFO: Epoch: 12 - loss: 0.0314097307 - test_loss: 0.1772066026
2023-05-07 15:34:14,451:INFO: -------- Save Best Model! --------
2023-05-07 15:34:18,467:INFO: Epoch: 13 - loss: 0.0282970506 - test_loss: 0.1772372521
2023-05-07 15:34:18,467:INFO: Early Stop Left: 9
2023-05-07 15:34:22,461:INFO: Epoch: 14 - loss: 0.0251047870 - test_loss: 0.1764862405
2023-05-07 15:34:22,464:INFO: -------- Save Best Model! --------
2023-05-07 15:34:26,320:INFO: Epoch: 15 - loss: 0.0220883477 - test_loss: 0.1770369361
2023-05-07 15:34:26,320:INFO: Early Stop Left: 9
2023-05-07 15:34:30,428:INFO: Epoch: 16 - loss: 0.0194396512 - test_loss: 0.1785958833
2023-05-07 15:34:30,428:INFO: Early Stop Left: 8
2023-05-07 15:34:34,373:INFO: Epoch: 17 - loss: 0.0173088258 - test_loss: 0.1782065132
2023-05-07 15:34:34,374:INFO: Early Stop Left: 7
2023-05-07 15:34:38,528:INFO: Epoch: 18 - loss: 0.0155716541 - test_loss: 0.1796756785
2023-05-07 15:34:38,528:INFO: Early Stop Left: 6
2023-05-07 15:34:42,662:INFO: Epoch: 19 - loss: 0.0141430913 - test_loss: 0.1815798430
2023-05-07 15:34:42,662:INFO: Early Stop Left: 5
2023-05-07 15:34:46,686:INFO: Epoch: 20 - loss: 0.0128959325 - test_loss: 0.1836918636
2023-05-07 15:34:46,686:INFO: Early Stop Left: 4
2023-05-07 15:34:50,670:INFO: Epoch: 21 - loss: 0.0118836360 - test_loss: 0.1829770769
2023-05-07 15:34:50,670:INFO: Early Stop Left: 3
2023-05-07 15:34:54,703:INFO: Epoch: 22 - loss: 0.0110827247 - test_loss: 0.1849626241
2023-05-07 15:34:54,703:INFO: Early Stop Left: 2
2023-05-07 15:34:58,850:INFO: Epoch: 23 - loss: 0.0102192793 - test_loss: 0.1870359733
2023-05-07 15:34:58,850:INFO: Early Stop Left: 1
2023-05-07 15:35:03,008:INFO: Epoch: 24 - loss: 0.0095392702 - test_loss: 0.1881390548
2023-05-07 15:35:03,009:INFO: Early Stop Left: 0
2023-05-07 15:35:03,009:INFO: -------- Early Stop! --------
